ERROR [main] portico.lrc: federation doesn't exist: FedManager
org.portico.lrc.compat.JFederationExecutionDoesNotExist: federation doesn't exist: FedManager
	at org.portico.bindings.jgroups.Federation.sendJoinFederation(Federation.java:259)
	at org.portico.bindings.jgroups.JGroupsConnection.joinFederation(JGroupsConnection.java:251)
	at org.portico.lrc.services.federation.handlers.outgoing.JoinFederationHandler.process(JoinFederationHandler.java:105)
	at org.portico.utils.messaging.MessageSink.process(MessageSink.java:187)
	at org.portico.impl.hla13.Impl13Helper.processMessage(Impl13Helper.java:123)
	at org.portico.impl.hla13.Rti13Ambassador.processMessage(Rti13Ambassador.java:5822)
	at org.portico.impl.hla13.Rti13Ambassador.joinFederationExecution(Rti13Ambassador.java:321)
	at org.portico.impl.hla13.Rti13Ambassador.joinFederationExecution(Rti13Ambassador.java:387)
	at gov.nist.hla.ii.InjectionFederate.joinFederationExecution(InjectionFederate.java:310)
	at gov.nist.hla.ii.InjectionFederate.execute(InjectionFederate.java:185)
	at gov.nist.hla.ii.InjectionFederate.main(InjectionFederate.java:630)
ERROR [main] portico.lrc: federation doesn't exist: FedManager
org.portico.lrc.compat.JFederationExecutionDoesNotExist: federation doesn't exist: FedManager
	at org.portico.bindings.jgroups.Federation.sendJoinFederation(Federation.java:259)
	at org.portico.bindings.jgroups.JGroupsConnection.joinFederation(JGroupsConnection.java:251)
	at org.portico.lrc.services.federation.handlers.outgoing.JoinFederationHandler.process(JoinFederationHandler.java:105)
	at org.portico.utils.messaging.MessageSink.process(MessageSink.java:187)
	at org.portico.impl.hla13.Impl13Helper.processMessage(Impl13Helper.java:123)
	at org.portico.impl.hla13.Rti13Ambassador.processMessage(Rti13Ambassador.java:5822)
	at org.portico.impl.hla13.Rti13Ambassador.joinFederationExecution(Rti13Ambassador.java:321)
	at org.portico.impl.hla13.Rti13Ambassador.joinFederationExecution(Rti13Ambassador.java:387)
	at gov.nist.hla.ii.InjectionFederate.joinFederationExecution(InjectionFederate.java:310)
	at gov.nist.hla.ii.InjectionFederate.execute(InjectionFederate.java:185)
	at gov.nist.hla.ii.InjectionFederate.main(InjectionFederate.java:630)
ERROR [main] portico.lrc: federation doesn't exist: FedManager
org.portico.lrc.compat.JFederationExecutionDoesNotExist: federation doesn't exist: FedManager
	at org.portico.bindings.jgroups.Federation.sendJoinFederation(Federation.java:259)
	at org.portico.bindings.jgroups.JGroupsConnection.joinFederation(JGroupsConnection.java:251)
	at org.portico.lrc.services.federation.handlers.outgoing.JoinFederationHandler.process(JoinFederationHandler.java:105)
	at org.portico.utils.messaging.MessageSink.process(MessageSink.java:187)
	at org.portico.impl.hla13.Impl13Helper.processMessage(Impl13Helper.java:123)
	at org.portico.impl.hla13.Rti13Ambassador.processMessage(Rti13Ambassador.java:5822)
	at org.portico.impl.hla13.Rti13Ambassador.joinFederationExecution(Rti13Ambassador.java:321)
	at org.portico.impl.hla13.Rti13Ambassador.joinFederationExecution(Rti13Ambassador.java:387)
	at gov.nist.hla.ii.InjectionFederate.joinFederationExecution(InjectionFederate.java:310)
	at gov.nist.hla.ii.InjectionFederate.execute(InjectionFederate.java:185)
	at gov.nist.hla.ii.InjectionFederate.main(InjectionFederate.java:630)
ERROR [main] portico.lrc: federation doesn't exist: FedManager
org.portico.lrc.compat.JFederationExecutionDoesNotExist: federation doesn't exist: FedManager
	at org.portico.bindings.jgroups.Federation.sendJoinFederation(Federation.java:259)
	at org.portico.bindings.jgroups.JGroupsConnection.joinFederation(JGroupsConnection.java:251)
	at org.portico.lrc.services.federation.handlers.outgoing.JoinFederationHandler.process(JoinFederationHandler.java:105)
	at org.portico.utils.messaging.MessageSink.process(MessageSink.java:187)
	at org.portico.impl.hla13.Impl13Helper.processMessage(Impl13Helper.java:123)
	at org.portico.impl.hla13.Rti13Ambassador.processMessage(Rti13Ambassador.java:5822)
	at org.portico.impl.hla13.Rti13Ambassador.joinFederationExecution(Rti13Ambassador.java:321)
	at org.portico.impl.hla13.Rti13Ambassador.joinFederationExecution(Rti13Ambassador.java:387)
	at gov.nist.hla.ii.InjectionFederate.joinFederationExecution(InjectionFederate.java:310)
	at gov.nist.hla.ii.InjectionFederate.execute(InjectionFederate.java:185)
	at gov.nist.hla.ii.InjectionFederate.main(InjectionFederate.java:630)
ERROR [main] portico.lrc: federation doesn't exist: FedManager
org.portico.lrc.compat.JFederationExecutionDoesNotExist: federation doesn't exist: FedManager
	at org.portico.bindings.jgroups.Federation.sendJoinFederation(Federation.java:259)
	at org.portico.bindings.jgroups.JGroupsConnection.joinFederation(JGroupsConnection.java:251)
	at org.portico.lrc.services.federation.handlers.outgoing.JoinFederationHandler.process(JoinFederationHandler.java:105)
	at org.portico.utils.messaging.MessageSink.process(MessageSink.java:187)
	at org.portico.impl.hla13.Impl13Helper.processMessage(Impl13Helper.java:123)
	at org.portico.impl.hla13.Rti13Ambassador.processMessage(Rti13Ambassador.java:5822)
	at org.portico.impl.hla13.Rti13Ambassador.joinFederationExecution(Rti13Ambassador.java:321)
	at org.portico.impl.hla13.Rti13Ambassador.joinFederationExecution(Rti13Ambassador.java:387)
	at gov.nist.hla.ii.InjectionFederate.joinFederationExecution(InjectionFederate.java:310)
	at gov.nist.hla.ii.InjectionFederate.execute(InjectionFederate.java:185)
	at gov.nist.hla.ii.InjectionFederate.main(InjectionFederate.java:630)
ERROR [main] portico.lrc: federation doesn't exist: FedManager
org.portico.lrc.compat.JFederationExecutionDoesNotExist: federation doesn't exist: FedManager
	at org.portico.bindings.jgroups.Federation.sendJoinFederation(Federation.java:259)
	at org.portico.bindings.jgroups.JGroupsConnection.joinFederation(JGroupsConnection.java:251)
	at org.portico.lrc.services.federation.handlers.outgoing.JoinFederationHandler.process(JoinFederationHandler.java:105)
	at org.portico.utils.messaging.MessageSink.process(MessageSink.java:187)
	at org.portico.impl.hla13.Impl13Helper.processMessage(Impl13Helper.java:123)
	at org.portico.impl.hla13.Rti13Ambassador.processMessage(Rti13Ambassador.java:5822)
	at org.portico.impl.hla13.Rti13Ambassador.joinFederationExecution(Rti13Ambassador.java:321)
	at org.portico.impl.hla13.Rti13Ambassador.joinFederationExecution(Rti13Ambassador.java:387)
	at gov.nist.hla.ii.InjectionFederate.joinFederationExecution(InjectionFederate.java:310)
	at gov.nist.hla.ii.InjectionFederate.execute(InjectionFederate.java:185)
	at gov.nist.hla.ii.InjectionFederate.main(InjectionFederate.java:630)
ERROR [main] portico.lrc: 
org.portico.lrc.compat.JFederateNotExecutionMember: 
	at org.portico.lrc.LRCState.checkJoined(LRCState.java:427)
	at org.portico.lrc.services.time.handlers.outgoing.EnableAsyncDeliveryHandler.process(EnableAsyncDeliveryHandler.java:54)
	at org.portico.utils.messaging.MessageSink.process(MessageSink.java:187)
	at org.portico.impl.hla13.Impl13Helper.processMessage(Impl13Helper.java:123)
	at org.portico.impl.hla13.Rti13Ambassador.processMessage(Rti13Ambassador.java:5822)
	at org.portico.impl.hla13.Rti13Ambassador.enableAsynchronousDelivery(Rti13Ambassador.java:3924)
	at gov.nist.hla.ii.InjectionFederate.enableAsynchronousDelivery(InjectionFederate.java:328)
	at gov.nist.hla.ii.InjectionFederate.execute(InjectionFederate.java:188)
	at gov.nist.hla.ii.InjectionFederate.main(InjectionFederate.java:630)
ERROR [main] portico.lrc: 
org.portico.lrc.compat.JFederateNotExecutionMember: 
	at org.portico.lrc.LRCState.checkJoined(LRCState.java:427)
	at org.portico.lrc.services.federation.handlers.outgoing.ResignFederationHandler.process(ResignFederationHandler.java:62)
	at org.portico.utils.messaging.MessageSink.process(MessageSink.java:187)
	at org.portico.impl.hla13.Impl13Helper.processMessage(Impl13Helper.java:123)
	at org.portico.impl.hla13.Rti13Ambassador.processMessage(Rti13Ambassador.java:5822)
	at org.portico.impl.hla13.Rti13Ambassador.resignFederationExecution(Rti13Ambassador.java:412)
	at gov.nist.hla.ii.InjectionFederate.resignFederationExecution(InjectionFederate.java:613)
	at gov.nist.hla.ii.InjectionFederate.execute(InjectionFederate.java:226)
	at gov.nist.hla.ii.InjectionFederate.main(InjectionFederate.java:630)
